<?xml version="1.0" encoding="UTF-8"?>
<testsuite xmlns:xsi="http://www.w3.org/2001/XMLSchema-instance" xsi:noNamespaceSchemaLocation="https://maven.apache.org/surefire/maven-surefire-plugin/xsd/surefire-test-report.xsd" name="fil.car.UserTest" time="1.234" tests="12" errors="0" skipped="0" failures="0">
  <properties>
[...]
</properties>
  <testcase name="shouldAnswerWithFailureCWD" classname="fil.car.UserTest" time="1.208"/>
  <testcase name="shouldAnswerWithFailureLIST" classname="fil.car.UserTest" time="0.001"/>
  <testcase name="shouldAnswerWithFailureQuit" classname="fil.car.UserTest" time="0.001"/>
  <testcase name="shouldAnswerWithFailureUser" classname="fil.car.UserTest" time="0.006"/>
  <testcase name="shouldAnswerWithFailureUserPassword" classname="fil.car.UserTest" time="0.002"/>
  <testcase name="shouldAnswerWithFailurePassword" classname="fil.car.UserTest" time="0.002"/>
  <testcase name="shouldAnswerWithSuccessCDUP" classname="fil.car.UserTest" time="0.001"/>
  <testcase name="shouldAnswerWithSuccessPASV" classname="fil.car.UserTest" time="0.002"/>
  <testcase name="shouldAnswerWithSuccessQuit" classname="fil.car.UserTest" time="0"/>
  <testcase name="shouldAnswerWithSuccessCWD" classname="fil.car.UserTest" time="0.001"/>
  <testcase name="shouldAnswerWithSuccessPWD" classname="fil.car.UserTest" time="0.001"/>
  <testcase name="shouldAnswerWithSuccess" classname="fil.car.UserTest" time="0.002"/>
</testsuite>